Building DAG of jobs...
Using shell: /bin/bash
Provided cores: 1 (use --cores to define parallelism)
Rules claiming more threads will be scaled down.
Singularity containers: ignored
Job counts:
	count	jobs
	1	all
	1	bwa_index
	1	bwa_map
	2	download_fastq
	1	download_hs38DH
	1	download_syndip
	1	generate_hs38DH_chromosomes_bed
	1	octopus
	1	rtg_format
	1	samtools_index_bam
	1	samtools_index_fasta
	1	vcfeval
	13
Select jobs to execute...

[Fri Jun 11 14:41:25 2021]
rule download_hs38DH:
    output: data/references/hs38DH.fa, data/references/hs38DH.fa.alt
    jobid: 3

[Fri Jun 11 14:41:25 2021]
Error in rule download_hs38DH:
    jobid: 3
    output: data/references/hs38DH.fa, data/references/hs38DH.fa.alt
    shell:
        
        run-gen-ref hs38DH
        mv hs38DH.fa* $(dirname data/references/hs38DH.fa)
        
        (one of the commands exited with non-zero exit code; note that snakemake uses bash strict mode!)

Shutting down, this might take some time.
Exiting because a job execution failed. Look above for error message
Complete log: /Users/dcooke/Development/octopus/website/static/snakemake/.snakemake/log/2021-06-11T144125.060324.snakemake.log
