Building DAG of jobs...
Using shell: /bin/bash
Provided cores: 1 (use --cores to define parallelism)
Rules claiming more threads will be scaled down.
Singularity containers: ignored
Job counts:
	count	jobs
	1	all
	1	bwa_index
	1	bwa_map
	2	download_fastq
	1	download_hs38DH
	1	download_syndip
	1	generate_hs38DH_chromosomes_bed
	1	octopus
	1	rtg_format
	1	samtools_index_bam
	1	samtools_index_fasta
	1	vcfeval
	13
Select jobs to execute...

[Fri Jun 11 14:40:01 2021]
rule download_syndip:
    output: data/truth/CHM1-CHM13.hs38DH.vcf.gz, data/truth/CHM1-CHM13.hs38DH.vcf.gz.tbi, data/truth/CHM1-CHM13.hs38DH.bed.gz, data/truth/CHM1-CHM13.hs38DH.bed.gz.tbi, data/truth/syndip_tmp
    jobid: 4

[Fri Jun 11 14:40:14 2021]
Error in rule download_syndip:
    jobid: 4
    output: data/truth/CHM1-CHM13.hs38DH.vcf.gz, data/truth/CHM1-CHM13.hs38DH.vcf.gz.tbi, data/truth/CHM1-CHM13.hs38DH.bed.gz, data/truth/CHM1-CHM13.hs38DH.bed.gz.tbi, data/truth/syndip_tmp
    shell:
        
        curl -L https://github.com/lh3/CHM-eval/releases/download/v0.5/CHM-evalkit-20180222.tar | tar xf - > data/truth/syndip_tmp
        mv data/truth/syndip_tmp/full.38.vcf.gz data/truth/CHM1-CHM13.hs38DH.vcf.gz
        mv data/truth/syndip_tmp/full.38.vcf.gz.tbi data/truth/CHM1-CHM13.hs38DH.vcf.gz.tbi
        mv data/truth/syndip_tmp/full.38.bed.gz data/truth/CHM1-CHM13.hs38DH.bed.gz
        mv data/truth/syndip_tmp/full.38.bed.gz.tbi data/truth/CHM1-CHM13.hs38DH.bed.gz.tbi
        
        (one of the commands exited with non-zero exit code; note that snakemake uses bash strict mode!)

Removing output files of failed job download_syndip since they might be corrupted:
data/truth/syndip_tmp
Shutting down, this might take some time.
Exiting because a job execution failed. Look above for error message
Complete log: /Users/dcooke/Development/octopus/website/static/snakemake/.snakemake/log/2021-06-11T144001.575573.snakemake.log
