Building DAG of jobs...
Using shell: /bin/bash
Provided cores: 16
Rules claiming more threads will be scaled down.
Singularity containers: ignored
Job counts:
	count	jobs
	1	all
	1	bwa_index
	1	bwa_map
	2	download_fastqs
	1	download_hs38DH
	1	download_syndip
	1	generate_hs38DH_chromosomes_bed
	1	octopus
	1	rtg_format
	1	samtools_index_bam
	1	samtools_index_fasta
	1	vcfeval
	13
Select jobs to execute...

[Fri Jun 11 14:34:17 2021]
rule download_fastqs:
    output: data/reads/raw/CHM1-CHM13_1.fastq.gz
    jobid: 9
    wildcards: strand=1


[Fri Jun 11 14:34:17 2021]
rule download_fastqs:
    output: data/reads/raw/CHM1-CHM13_2.fastq.gz
    jobid: 10
    wildcards: strand=2


[Fri Jun 11 14:34:17 2021]
rule download_hs38DH:
    output: data/references/hs38DH.fa, data/references/hs38DH.fa.alt
    jobid: 3


[Fri Jun 11 14:34:17 2021]
rule download_syndip:
    output: data/truth/CHM1-CHM13.hs38DH.vcf.gz, data/truth/CHM1-CHM13.hs38DH.vcf.gz.tbi, data/truth/CHM1-CHM13.hs38DH.bed.gz, data/truth/CHM1-CHM13.hs38DH.bed.gz.tbi, data/truth/syndip_tmp
    jobid: 4

[Fri Jun 11 14:34:17 2021]
Error in rule download_hs38DH:
    jobid: 3
    output: data/references/hs38DH.fa, data/references/hs38DH.fa.alt
    shell:
        
        run-gen-ref hs38DH
        mv hs38DH.fa* $(dirname data/references/hs38DH.fa)
        
        (one of the commands exited with non-zero exit code; note that snakemake uses bash strict mode!)

[Fri Jun 11 14:34:41 2021]
Error in rule download_syndip:
    jobid: 4
    output: data/truth/CHM1-CHM13.hs38DH.vcf.gz, data/truth/CHM1-CHM13.hs38DH.vcf.gz.tbi, data/truth/CHM1-CHM13.hs38DH.bed.gz, data/truth/CHM1-CHM13.hs38DH.bed.gz.tbi, data/truth/syndip_tmp
    shell:
        
        curl -L https://github.com/lh3/CHM-eval/releases/download/v0.5/CHM-evalkit-20180222.tar | tar xf - > data/truth/syndip_tmp
        mv data/truth/syndip_tmp/full.38.vcf.gz data/truth/CHM1-CHM13.hs38DH.vcf.gz
        mv data/truth/syndip_tmp/full.38.vcf.gz.tbi data/truth/CHM1-CHM13.hs38DH.vcf.gz.tbi
        mv data/truth/syndip_tmp/full.38.bed.gz data/truth/CHM1-CHM13.hs38DH.bed.gz
        mv data/truth/syndip_tmp/full.38.bed.gz.tbi data/truth/CHM1-CHM13.hs38DH.bed.gz.tbi
        
        (one of the commands exited with non-zero exit code; note that snakemake uses bash strict mode!)

Removing output files of failed job download_syndip since they might be corrupted:
data/truth/syndip_tmp
Terminating processes on user request, this might take some time.
[Fri Jun 11 14:34:57 2021]
[Fri Jun 11 14:34:57 2021]
Error in rule download_fastqs:
Error in rule download_fastqs:
    jobid: 10
    jobid: 9
    output: data/reads/raw/CHM1-CHM13_2.fastq.gz
    output: data/reads/raw/CHM1-CHM13_1.fastq.gz
    shell:
        curl ftp://ftp.sra.ebi.ac.uk/vol1/fastq/ERR134/003/ERR1341793/ERR1341793_2.fastq.gz | gzip > data/reads/raw/CHM1-CHM13_2.fastq.gz
        (one of the commands exited with non-zero exit code; note that snakemake uses bash strict mode!)
    shell:
        curl ftp://ftp.sra.ebi.ac.uk/vol1/fastq/ERR134/003/ERR1341793/ERR1341793_1.fastq.gz | gzip > data/reads/raw/CHM1-CHM13_1.fastq.gz
        (one of the commands exited with non-zero exit code; note that snakemake uses bash strict mode!)


Removing output files of failed job download_fastqs since they might be corrupted:
data/reads/raw/CHM1-CHM13_2.fastq.gz
Removing output files of failed job download_fastqs since they might be corrupted:
data/reads/raw/CHM1-CHM13_1.fastq.gz
Complete log: /Users/dcooke/Development/octopus/website/static/snakemake/.snakemake/log/2021-06-11T143413.236545.snakemake.log
