Building DAG of jobs...
Using shell: /bin/bash
Provided cores: 1 (use --cores to define parallelism)
Rules claiming more threads will be scaled down.
Singularity containers: ignored
Job counts:
	count	jobs
	1	all
	1	bwa_index
	1	bwa_map
	2	download_fastq
	1	download_hs38DH
	1	download_syndip
	1	generate_hs38DH_chromosomes_bed
	1	octopus
	1	rtg_format
	1	samtools_index_bam
	1	samtools_index_fasta
	1	vcfeval
	13
Select jobs to execute...

[Fri Jun 11 14:38:34 2021]
rule download_fastq:
    output: data/reads/raw/CHM1-CHM13_2.fastq.gz
    jobid: 10
    wildcards: strand=2

Terminating processes on user request, this might take some time.
[Fri Jun 11 14:38:39 2021]
Error in rule download_fastq:
    jobid: 10
    output: data/reads/raw/CHM1-CHM13_2.fastq.gz
    shell:
        curl ftp://ftp.sra.ebi.ac.uk/vol1/fastq/ERR134/003/ERR1341793/ERR1341793_2.fastq.gz | gzip > data/reads/raw/CHM1-CHM13_2.fastq.gz
        (one of the commands exited with non-zero exit code; note that snakemake uses bash strict mode!)

Removing output files of failed job download_fastq since they might be corrupted:
data/reads/raw/CHM1-CHM13_2.fastq.gz
Complete log: /Users/dcooke/Development/octopus/website/static/snakemake/.snakemake/log/2021-06-11T143834.278478.snakemake.log
