Building DAG of jobs...
Job counts:
	count	jobs
	1	all
	1	bwa_index
	1	bwa_map
	2	download_fastqs
	1	download_hs38DH
	1	download_syndip
	1	generate_hs38DH_chromosomes_bed
	1	octopus
	1	rtg_format
	1	samtools_index_bam
	1	samtools_index_fasta
	1	vcfeval
	13

[Fri Jun 11 11:58:49 2021]
rule download_fastqs:
    output: data/reads/raw/CHM1-CHM13_1.fastq.gz
    jobid: 9
    wildcards: strand=1

RuleException in line 17 of /Users/dcooke/Development/octopus/website/static/snakemake/germline.smk:
'Params' object has no attribute 'fq1_url'
  File "/usr/local/Cellar/snakemake/6.4.1/libexec/lib/python3.9/site-packages/snakemake/executors/__init__.py", line 136, in run_jobs
  File "/usr/local/Cellar/snakemake/6.4.1/libexec/lib/python3.9/site-packages/snakemake/executors/__init__.py", line 145, in run
  File "/usr/local/Cellar/snakemake/6.4.1/libexec/lib/python3.9/site-packages/snakemake/executors/__init__.py", line 156, in _run
  File "/usr/local/Cellar/snakemake/6.4.1/libexec/lib/python3.9/site-packages/snakemake/executors/__init__.py", line 176, in printjob
  File "/usr/local/Cellar/snakemake/6.4.1/libexec/lib/python3.9/site-packages/snakemake/executors/__init__.py", line 162, in printjob
